# JRE version: Java(TM) SE Runtime Environment (16.0.2+7) (build 16.0.2+7-67)
# Java VM: Java HotSpot(TM) 64-Bit Server VM (16.0.2+7-67, mixed mode, sharing, tiered, compressed oops, compressed class ptrs, g1 gc, windows-amd64)
GC Precious Log:
 CPUs: 4 total, 4 available
 Memory: 16268M
 Large Page Support: Disabled
 NUMA Support: Disabled
 Compressed Oops: Enabled (32-bit)
 Heap Region Size: 1M
 Heap Min Capacity: 256M
 Heap Initial Capacity: 256M
 Heap Max Capacity: 512M
 Pre-touch: Disabled
 Parallel Workers: 4
 Concurrent Workers: 1
 Concurrent Refinement Workers: 4
 Periodic GC: Disabled
Heap:
 garbage-first heap   total 262144K, used 59697K [0x00000000e0000000, 0x0000000100000000)
  region size 1024K, 40 young (40960K), 18 survivors (18432K)
 Metaspace       used 50620K, committed 51200K, reserved 262144K
  class space    used 7010K, committed 7296K, reserved 212992K
GC Heap History (12 events):
Event: 0.336 GC heap before
{Heap before GC invocations=0 (full 0):
 garbage-first heap   total 262144K, used 15360K [0x00000000e0000000, 0x0000000100000000)
  region size 1024K, 13 young (13312K), 0 survivors (0K)
 Metaspace       used 1040K, committed 1216K, reserved 221184K
  class space    used 73K, committed 128K, reserved 212992K
}
Event: 0.340 GC heap after
{Heap after GC invocations=1 (full 0):
 garbage-first heap   total 262144K, used 3943K [0x00000000e0000000, 0x0000000100000000)
  region size 1024K, 2 young (2048K), 2 survivors (2048K)
 Metaspace       used 1040K, committed 1216K, reserved 221184K
  class space    used 73K, committed 128K, reserved 212992K
}
Event: 0.625 GC heap before
{Heap before GC invocations=1 (full 0):
 garbage-first heap   total 262144K, used 21351K [0x00000000e0000000, 0x0000000100000000)
  region size 1024K, 17 young (17408K), 2 survivors (2048K)
 Metaspace       used 3782K, committed 3968K, reserved 221184K
  class space    used 460K, committed 576K, reserved 212992K
}
Event: 0.628 GC heap after
{Heap after GC invocations=2 (full 0):
 garbage-first heap   total 262144K, used 9066K [0x00000000e0000000, 0x0000000100000000)
  region size 1024K, 3 young (3072K), 3 survivors (3072K)
 Metaspace       used 3782K, committed 3968K, reserved 221184K
  class space    used 460K, committed 576K, reserved 212992K
}
Event: 0.861 GC heap before
{Heap before GC invocations=2 (full 0):
 garbage-first heap   total 262144K, used 32618K [0x00000000e0000000, 0x0000000100000000)
  region size 1024K, 25 young (25600K), 3 survivors (3072K)
 Metaspace       used 4007K, committed 4224K, reserved 221184K
  class space    used 473K, committed 576K, reserved 212992K
}
Event: 0.863 GC heap after
{Heap after GC invocations=3 (full 0):
 garbage-first heap   total 262144K, used 12014K [0x00000000e0000000, 0x0000000100000000)
  region size 1024K, 4 young (4096K), 4 survivors (4096K)
 Metaspace       used 4007K, committed 4224K, reserved 221184K
  class space    used 473K, committed 576K, reserved 212992K
}
Event: 3.014 GC heap before
{Heap before GC invocations=3 (full 0):
 garbage-first heap   total 262144K, used 121582K [0x00000000e0000000, 0x0000000100000000)
  region size 1024K, 112 young (114688K), 4 survivors (4096K)
 Metaspace       used 20980K, committed 21248K, reserved 237568K
  class space    used 3116K, committed 3264K, reserved 212992K
}
Event: 3.024 GC heap after
{Heap after GC invocations=4 (full 0):
 garbage-first heap   total 262144K, used 20449K [0x00000000e0000000, 0x0000000100000000)
  region size 1024K, 14 young (14336K), 14 survivors (14336K)
 Metaspace       used 20980K, committed 21248K, reserved 237568K
  class space    used 3116K, committed 3264K, reserved 212992K
}
Event: 4.642 GC heap before
{Heap before GC invocations=5 (full 0):
 garbage-first heap   total 262144K, used 128993K [0x00000000e0000000, 0x0000000100000000)
  region size 1024K, 118 young (120832K), 14 survivors (14336K)
 Metaspace       used 35105K, committed 35520K, reserved 245760K
  class space    used 4753K, committed 4928K, reserved 212992K
}
Event: 4.658 GC heap after
{Heap after GC invocations=6 (full 0):
 garbage-first heap   total 262144K, used 29802K [0x00000000e0000000, 0x0000000100000000)
  region size 1024K, 19 young (19456K), 19 survivors (19456K)
 Metaspace       used 35105K, committed 35520K, reserved 245760K
  class space    used 4753K, committed 4928K, reserved 212992K
}
Event: 6.951 GC heap before
{Heap before GC invocations=7 (full 0):
 garbage-first heap   total 262144K, used 167018K [0x00000000e0000000, 0x0000000100000000)
  region size 1024K, 153 young (156672K), 19 survivors (19456K)
 Metaspace       used 49627K, committed 50112K, reserved 262144K
  class space    used 6859K, committed 7104K, reserved 212992K
}
Event: 6.970 GC heap after
{Heap after GC invocations=8 (full 0):
 garbage-first heap   total 262144K, used 38193K [0x00000000e0000000, 0x0000000100000000)
  region size 1024K, 18 young (18432K), 18 survivors (18432K)
 Metaspace       used 49627K, committed 50112K, reserved 262144K
  class space    used 6859K, committed 7104K, reserved 212992K
}

